System.register(['./p-c227cb46.system.js'], function (exports) {
    'use strict';
    var registerInstance, h, Host;
    return {
        setters: [function (module) {
                registerInstance = module.r;
                h = module.h;
                Host = module.H;
            }],
        execute: function () {
            var ImageList = exports('rs_image_list', /** @class */ (function () {
                function class_1(hostRef) {
                    registerInstance(this, hostRef);
                }
                class_1.prototype.render = function () {
                    return h(Host, null, h("ul", { class: "rs-image-list" }, h("li", { class: "item" }, h("div", { class: "imageaspectcontainer" }, h("img", { class: "image", src: "..." })), h("div", { class: "supporting" }, h("span", { class: "label" }, "Text label")))), h("ul", { class: "rs-image-list -masonry -masonry-image-list" }, h("li", { class: "item" }, h("img", { class: "image", src: "..." }), h("div", { class: "supporting" }, h("span", { class: "label" }, "Text label")))));
                };
                Object.defineProperty(class_1, "style", {
                    get: function () { return "STYLE_TEXT_PLACEHOLDER:rs-image-list"; },
                    enumerable: true,
                    configurable: true
                });
                return class_1;
            }()));
        }
    };
});
