var __extends = (this && this.__extends) || (function () {
    var extendStatics = function (d, b) {
        extendStatics = Object.setPrototypeOf ||
            ({ __proto__: [] } instanceof Array && function (d, b) { d.__proto__ = b; }) ||
            function (d, b) { for (var p in b) if (b.hasOwnProperty(p)) d[p] = b[p]; };
        return extendStatics(d, b);
    };
    return function (d, b) {
        extendStatics(d, b);
        function __() { this.constructor = d; }
        d.prototype = b === null ? Object.create(b) : (__.prototype = b.prototype, new __());
    };
})();
var __awaiter = (this && this.__awaiter) || function (thisArg, _arguments, P, generator) {
    function adopt(value) { return value instanceof P ? value : new P(function (resolve) { resolve(value); }); }
    return new (P || (P = Promise))(function (resolve, reject) {
        function fulfilled(value) { try { step(generator.next(value)); } catch (e) { reject(e); } }
        function rejected(value) { try { step(generator["throw"](value)); } catch (e) { reject(e); } }
        function step(result) { result.done ? resolve(result.value) : adopt(result.value).then(fulfilled, rejected); }
        step((generator = generator.apply(thisArg, _arguments || [])).next());
    });
};
var __generator = (this && this.__generator) || function (thisArg, body) {
    var _ = { label: 0, sent: function() { if (t[0] & 1) throw t[1]; return t[1]; }, trys: [], ops: [] }, f, y, t, g;
    return g = { next: verb(0), "throw": verb(1), "return": verb(2) }, typeof Symbol === "function" && (g[Symbol.iterator] = function() { return this; }), g;
    function verb(n) { return function (v) { return step([n, v]); }; }
    function step(op) {
        if (f) throw new TypeError("Generator is already executing.");
        while (_) try {
            if (f = 1, y && (t = op[0] & 2 ? y["return"] : op[0] ? y["throw"] || ((t = y["return"]) && t.call(y), 0) : y.next) && !(t = t.call(y, op[1])).done) return t;
            if (y = 0, t) op = [op[0] & 2, t.value];
            switch (op[0]) {
                case 0: case 1: t = op; break;
                case 4: _.label++; return { value: op[1], done: false };
                case 5: _.label++; y = op[1]; op = [0]; continue;
                case 7: op = _.ops.pop(); _.trys.pop(); continue;
                default:
                    if (!(t = _.trys, t = t.length > 0 && t[t.length - 1]) && (op[0] === 6 || op[0] === 2)) { _ = 0; continue; }
                    if (op[0] === 3 && (!t || (op[1] > t[0] && op[1] < t[3]))) { _.label = op[1]; break; }
                    if (op[0] === 6 && _.label < t[1]) { _.label = t[1]; t = op; break; }
                    if (t && _.label < t[2]) { _.label = t[2]; _.ops.push(op); break; }
                    if (t[2]) _.ops.pop();
                    _.trys.pop(); continue;
            }
            op = body.call(thisArg, _);
        } catch (e) { op = [6, e]; y = 0; } finally { f = t = 0; }
        if (op[0] & 5) throw op[1]; return { value: op[0] ? op[1] : void 0, done: true };
    }
};
var NAMESPACE = 'menu2';
var scopeId;
var contentRef;
var hostTagName;
var useNativeShadowDom = false;
var checkSlotFallbackVisibility = false;
var checkSlotRelocate = false;
var isSvgMode = false;
var win = window;
var doc = document;
var H = HTMLElement;
var plt = {
    $flags$: 0,
    $resourcesUrl$: '',
    jmp: function (h) { return h(); },
    raf: function (h) { return requestAnimationFrame(h); },
    ael: function (el, eventName, listener, opts) { return el.addEventListener(eventName, listener, opts); },
    rel: function (el, eventName, listener, opts) { return el.removeEventListener(eventName, listener, opts); },
};
var supportsShadowDom = /*@__PURE__*/ (function () { return !!doc.documentElement.attachShadow; })();
var hostRefs = new WeakMap();
var getHostRef = function (ref) { return hostRefs.get(ref); };
var registerInstance = function (lazyInstance, hostRef) { return hostRefs.set(hostRef.$lazyInstance$ = lazyInstance, hostRef); };
var registerHost = function (elm) {
    {
        var hostRef_1 = {
            $flags$: 0,
            $hostElement$: elm,
            $instanceValues$: new Map()
        };
        hostRef_1.$onReadyPromise$ = new Promise(function (r) { return hostRef_1.$onReadyResolve$ = r; });
        return hostRefs.set(elm, hostRef_1);
    }
};
var isMemberInElement = function (elm, memberName) { return memberName in elm; };
var consoleError = function (e) { return console.error(e); };
var moduleCache = /*@__PURE__*/ new Map();
var loadModule = function (cmpMeta, hostRef, hmrVersionId) {
    // loadModuleImport
    var exportName = cmpMeta.$tagName$.replace(/-/g, '_');
    var bundleId = (cmpMeta.$lazyBundleIds$);
    var module = moduleCache.get(bundleId);
    if (module) {
        return module[exportName];
    }
    return import(
    /* webpackInclude: /\.entry\.js$/ */
    /* webpackExclude: /\.system\.entry\.js$/ */
    /* webpackMode: "lazy" */
    "./" + bundleId + ".entry.js" + '').then(function (importedModule) {
        {
            moduleCache.set(bundleId, importedModule);
        }
        return importedModule[exportName];
    }, consoleError);
};
var cssVarShim = /*@__PURE__*/ (function () { return win.__stencil_cssshim; })();
var nextTick = /*@__PURE__*/ function (cb) { return Promise.resolve().then(cb); };
/**
 * Default style mode id
 */
/**
 * Reusable empty obj/array
 * Don't add values to these!!
 */
var EMPTY_OBJ = {};
var isDef = function (v) { return v != null; };
var toLowerCase = function (str) { return str.toLowerCase(); };
var isComplexType = function (o) {
    // https://jsperf.com/typeof-fn-object/5
    o = typeof o;
    return o === 'object' || o === 'function';
};
var getDynamicImportFunction = function (namespace) {
    return "__sc_import_" + namespace.replace(/\s|-/g, '_');
};
var patchEsm = function () {
    // @ts-ignore
    if (!(win.CSS && win.CSS.supports && win.CSS.supports('color', 'var(--c)'))) {
        // @ts-ignore
        return import('./css-shim-33231b86-6211b682.js');
    }
    return Promise.resolve();
};
var patchBrowser = function () { return __awaiter(void 0, void 0, void 0, function () {
    var importMeta, regex, scriptElm, opts, resourcesUrl;
    return __generator(this, function (_a) {
        switch (_a.label) {
            case 0:
                importMeta = "";
                regex = new RegExp("/" + NAMESPACE + "(\\.esm)?\\.js($|\\?|#)");
                scriptElm = Array.from(doc.querySelectorAll('script')).find(function (s) { return (regex.test(s.src) ||
                    s.getAttribute('data-namespace') === NAMESPACE); });
                opts = scriptElm['data-opts'];
                if (!(importMeta !== '')) return [3 /*break*/, 1];
                return [2 /*return*/, Object.assign(Object.assign({}, opts), { resourcesUrl: new URL('.', importMeta).href })];
            case 1:
                resourcesUrl = new URL('.', new URL(scriptElm.getAttribute('data-resources-url') || scriptElm.src, win.location.href));
                patchDynamicImport(resourcesUrl.href);
                if (!!window.customElements) return [3 /*break*/, 3];
                // @ts-ignore
                return [4 /*yield*/, import('./dom-ab48ffb1-eff5215c.js')];
            case 2:
                // @ts-ignore
                _a.sent();
                _a.label = 3;
            case 3: return [2 /*return*/, Object.assign(Object.assign({}, opts), { resourcesUrl: resourcesUrl.href })];
        }
    });
}); };
var patchDynamicImport = function (base) {
    var importFunctionName = getDynamicImportFunction(NAMESPACE);
    try {
        // There is a caching issue in V8, that breaks using import() in Function
        // By generating a random string, we can workaround it
        // Check https://bugs.chromium.org/p/v8/issues/detail?id=9558 for more info
        win[importFunctionName] = new Function('w', "return import(w);//" + Math.random());
    }
    catch (e) {
        var moduleMap_1 = new Map();
        win[importFunctionName] = function (src) {
            var url = new URL(src, base).href;
            var mod = moduleMap_1.get(url);
            if (!mod) {
                var script_1 = doc.createElement('script');
                script_1.type = 'module';
                script_1.src = URL.createObjectURL(new Blob(["import * as m from '" + url + "'; window." + importFunctionName + ".m = m;"], { type: 'application/javascript' }));
                mod = new Promise(function (resolve) {
                    script_1.onload = function () {
                        resolve(win[importFunctionName].m);
                        script_1.remove();
                    };
                });
                moduleMap_1.set(url, mod);
                doc.head.appendChild(script_1);
            }
            return mod;
        };
    }
};
var HYDRATED_CLASS = 'hydrated';
/**
 * Production h() function based on Preact by
 * Jason Miller (@developit)
 * Licensed under the MIT License
 * https://github.com/developit/preact/blob/master/LICENSE
 *
 * Modified for Stencil's compiler and vdom
 */
// const stack: any[] = [];
// export function h(nodeName: string | d.FunctionalComponent, vnodeData: d.PropsType, child?: d.ChildType): d.VNode;
// export function h(nodeName: string | d.FunctionalComponent, vnodeData: d.PropsType, ...children: d.ChildType[]): d.VNode;
var h = function (nodeName, vnodeData) {
    var children = [];
    for (var _i = 2; _i < arguments.length; _i++) {
        children[_i - 2] = arguments[_i];
    }
    var child = null;
    var simple = false;
    var lastSimple = false;
    var key;
    var slotName;
    var vNodeChildren = [];
    var walk = function (c) {
        for (var i = 0; i < c.length; i++) {
            child = c[i];
            if (Array.isArray(child)) {
                walk(child);
            }
            else if (child != null && typeof child !== 'boolean') {
                if (simple = typeof nodeName !== 'function' && !isComplexType(child)) {
                    child = String(child);
                }
                if (simple && lastSimple) {
                    // If the previous child was simple (string), we merge both
                    vNodeChildren[vNodeChildren.length - 1].$text$ += child;
                }
                else {
                    // Append a new vNode, if it's text, we create a text vNode
                    vNodeChildren.push(simple ? { $flags$: 0, $text$: child } : child);
                }
                lastSimple = simple;
            }
        }
    };
    walk(children);
    if (vnodeData) {
        // normalize class / classname attributes
        {
            key = vnodeData.key || undefined;
        }
        {
            slotName = vnodeData.name;
        }
        {
            var classData_1 = vnodeData.className || vnodeData.class;
            if (classData_1) {
                vnodeData.class = typeof classData_1 !== 'object'
                    ? classData_1
                    : Object.keys(classData_1)
                        .filter(function (k) { return classData_1[k]; })
                        .join(' ');
            }
        }
    }
    if (typeof nodeName === 'function') {
        // nodeName is a functional component
        return nodeName(vnodeData, vNodeChildren, vdomFnUtils);
    }
    var vnode = {
        $flags$: 0,
        $tag$: nodeName,
        $children$: vNodeChildren.length > 0 ? vNodeChildren : null,
        $elm$: undefined,
        $attrs$: vnodeData,
    };
    {
        vnode.$key$ = key;
    }
    {
        vnode.$name$ = slotName;
    }
    return vnode;
};
var Host = {};
var isHost = function (node) {
    return node && node.$tag$ === Host;
};
var vdomFnUtils = {
    'forEach': function (children, cb) { return children.map(convertToPublic).forEach(cb); },
    'map': function (children, cb) { return children.map(convertToPublic).map(cb).map(convertToPrivate); }
};
var convertToPublic = function (node) {
    return {
        vattrs: node.$attrs$,
        vchildren: node.$children$,
        vkey: node.$key$,
        vname: node.$name$,
        vtag: node.$tag$,
        vtext: node.$text$
    };
};
var convertToPrivate = function (node) {
    return {
        $flags$: 0,
        $attrs$: node.vattrs,
        $children$: node.vchildren,
        $key$: node.vkey,
        $name$: node.vname,
        $tag$: node.vtag,
        $text$: node.vtext
    };
};
/**
 * Production setAccessor() function based on Preact by
 * Jason Miller (@developit)
 * Licensed under the MIT License
 * https://github.com/developit/preact/blob/master/LICENSE
 *
 * Modified for Stencil's compiler and vdom
 */
var setAccessor = function (elm, memberName, oldValue, newValue, isSvg, flags) {
    if (oldValue === newValue) {
        return;
    }
    if (memberName === 'class') {
        var classList_1 = elm.classList;
        parseClassList(oldValue).forEach(function (cls) { return classList_1.remove(cls); });
        parseClassList(newValue).forEach(function (cls) { return classList_1.add(cls); });
    }
    else if (memberName === 'style') {
        for (var prop in newValue) {
            if (!oldValue || newValue[prop] !== oldValue[prop]) {
                if (prop.includes('-')) {
                    elm.style.setProperty(prop, newValue[prop]);
                }
                else {
                    elm.style[prop] = newValue[prop];
                }
            }
        }
    }
    else if (memberName === 'key')
        ;
    else if (memberName === 'ref') {
        // minifier will clean this up
        if (newValue) {
            newValue(elm);
        }
    }
    else if (memberName.startsWith('on') && !isMemberInElement(elm, memberName)) {
        // Event Handlers
        // so if the member name starts with "on" and the 3rd characters is
        // a capital letter, and it's not already a member on the element,
        // then we're assuming it's an event listener
        if (isMemberInElement(elm, toLowerCase(memberName))) {
            // standard event
            // the JSX attribute could have been "onMouseOver" and the
            // member name "onmouseover" is on the element's prototype
            // so let's add the listener "mouseover", which is all lowercased
            memberName = toLowerCase(memberName.substring(2));
        }
        else {
            // custom event
            // the JSX attribute could have been "onMyCustomEvent"
            // so let's trim off the "on" prefix and lowercase the first character
            // and add the listener "myCustomEvent"
            // except for the first character, we keep the event name case
            memberName = toLowerCase(memberName[2]) + memberName.substring(3);
        }
        if (oldValue) {
            plt.rel(elm, memberName, oldValue, false);
        }
        if (newValue) {
            plt.ael(elm, memberName, newValue, false);
        }
    }
    else {
        // Set property if it exists and it's not a SVG
        var isProp = isMemberInElement(elm, memberName);
        var isComplex = isComplexType(newValue);
        if ((isProp || (isComplex && newValue !== null)) && !isSvg) {
            try {
                if (!elm.tagName.includes('-')) {
                    var n = newValue == null ? '' : newValue;
                    // Workaround for Safari, moving the <input> caret when re-assigning the same valued
                    if (elm[memberName] !== n) {
                        elm[memberName] = n;
                    }
                }
                else {
                    elm[memberName] = newValue;
                }
            }
            catch (e) { }
        }
        if (newValue == null || newValue === false) {
            {
                elm.removeAttribute(memberName);
            }
        }
        else if ((!isProp || (flags & 4 /* isHost */) || isSvg) && !isComplex) {
            newValue = newValue === true ? '' : newValue.toString();
            {
                elm.setAttribute(memberName, newValue);
            }
        }
    }
};
var parseClassList = function (value) { return (!value) ? [] : value.split(/\s+/).filter(function (c) { return c; }); };
var updateElement = function (oldVnode, newVnode, isSvgMode, memberName) {
    // if the element passed in is a shadow root, which is a document fragment
    // then we want to be adding attrs/props to the shadow root's "host" element
    // if it's not a shadow root, then we add attrs/props to the same element
    var elm = (newVnode.$elm$.nodeType === 11 /* DocumentFragment */ && newVnode.$elm$.host) ? newVnode.$elm$.host : newVnode.$elm$;
    var oldVnodeAttrs = (oldVnode && oldVnode.$attrs$) || EMPTY_OBJ;
    var newVnodeAttrs = newVnode.$attrs$ || EMPTY_OBJ;
    // add new & update changed attributes
    for (memberName in newVnodeAttrs) {
        setAccessor(elm, memberName, oldVnodeAttrs[memberName], newVnodeAttrs[memberName], isSvgMode, newVnode.$flags$);
    }
};
var createElm = function (oldParentVNode, newParentVNode, childIndex, parentElm) {
    // tslint:disable-next-line: prefer-const
    var newVNode = newParentVNode.$children$[childIndex];
    var i = 0;
    var elm;
    var childNode;
    var oldVNode;
    if (!useNativeShadowDom) {
        // remember for later we need to check to relocate nodes
        checkSlotRelocate = true;
        if (newVNode.$tag$ === 'slot') {
            if (scopeId) {
                // scoped css needs to add its scoped id to the parent element
                parentElm.classList.add(scopeId + '-s');
            }
            if (!newVNode.$children$) {
                // slot element does not have fallback content
                // create an html comment we'll use to always reference
                // where actual slot content should sit next to
                newVNode.$flags$ |= 1 /* isSlotReference */;
            }
            else {
                // slot element has fallback content
                // still create an element that "mocks" the slot element
                newVNode.$flags$ |= 2 /* isSlotFallback */;
            }
        }
    }
    if (isDef(newVNode.$text$)) {
        // create text node
        newVNode.$elm$ = doc.createTextNode(newVNode.$text$);
    }
    else if (newVNode.$flags$ & 1 /* isSlotReference */) {
        // create a slot reference node
        newVNode.$elm$ = doc.createTextNode('');
    }
    else {
        // create element
        elm = newVNode.$elm$ = (doc.createElement((newVNode.$flags$ & 2 /* isSlotFallback */) ? 'slot-fb' : newVNode.$tag$));
        // add css classes, attrs, props, listeners, etc.
        {
            updateElement(null, newVNode, isSvgMode);
        }
        if (isDef(scopeId) && elm['s-si'] !== scopeId) {
            // if there is a scopeId and this is the initial render
            // then let's add the scopeId as a css class
            elm.classList.add((elm['s-si'] = scopeId));
        }
        if (newVNode.$children$) {
            for (i = 0; i < newVNode.$children$.length; ++i) {
                // create the node
                childNode = createElm(oldParentVNode, newVNode, i, elm);
                // return node could have been null
                if (childNode) {
                    // append our new node
                    elm.appendChild(childNode);
                }
            }
        }
    }
    {
        newVNode.$elm$['s-hn'] = hostTagName;
        if (newVNode.$flags$ & (2 /* isSlotFallback */ | 1 /* isSlotReference */)) {
            // remember the content reference comment
            newVNode.$elm$['s-sr'] = true;
            // remember the content reference comment
            newVNode.$elm$['s-cr'] = contentRef;
            // remember the slot name, or empty string for default slot
            newVNode.$elm$['s-sn'] = newVNode.$name$ || '';
            // check if we've got an old vnode for this slot
            oldVNode = oldParentVNode && oldParentVNode.$children$ && oldParentVNode.$children$[childIndex];
            if (oldVNode && oldVNode.$tag$ === newVNode.$tag$ && oldParentVNode.$elm$) {
                // we've got an old slot vnode and the wrapper is being replaced
                // so let's move the old slot content back to it's original location
                putBackInOriginalLocation(oldParentVNode.$elm$, false);
            }
        }
    }
    return newVNode.$elm$;
};
var putBackInOriginalLocation = function (parentElm, recursive) {
    plt.$flags$ |= 1 /* isTmpDisconnected */;
    var oldSlotChildNodes = parentElm.childNodes;
    for (var i = oldSlotChildNodes.length - 1; i >= 0; i--) {
        var childNode = oldSlotChildNodes[i];
        if (childNode['s-hn'] !== hostTagName && childNode['s-ol']) {
            // // this child node in the old element is from another component
            // // remove this node from the old slot's parent
            // childNode.remove();
            // and relocate it back to it's original location
            parentReferenceNode(childNode).insertBefore(childNode, referenceNode(childNode));
            // remove the old original location comment entirely
            // later on the patch function will know what to do
            // and move this to the correct spot in need be
            childNode['s-ol'].remove();
            childNode['s-ol'] = undefined;
            checkSlotRelocate = true;
        }
        if (recursive) {
            putBackInOriginalLocation(childNode, recursive);
        }
    }
    plt.$flags$ &= ~1 /* isTmpDisconnected */;
};
var addVnodes = function (parentElm, before, parentVNode, vnodes, startIdx, endIdx) {
    var containerElm = ((parentElm['s-cr'] && parentElm['s-cr'].parentNode) || parentElm);
    var childNode;
    if (containerElm.shadowRoot && toLowerCase(containerElm.tagName) === hostTagName) {
        containerElm = containerElm.shadowRoot;
    }
    for (; startIdx <= endIdx; ++startIdx) {
        if (vnodes[startIdx]) {
            childNode = createElm(null, parentVNode, startIdx, parentElm);
            if (childNode) {
                vnodes[startIdx].$elm$ = childNode;
                containerElm.insertBefore(childNode, referenceNode(before));
            }
        }
    }
};
var referenceNode = function (node) {
    // this node was relocated to a new location in the dom
    // because of some other component's slot
    // but we still have an html comment in place of where
    // it's original location was according to it's original vdom
    return (node && node['s-ol']) || node;
};
var parentReferenceNode = function (node) { return (node['s-ol'] ? node['s-ol'] : node).parentNode; };
var patch = function (oldVNode, newVNode) {
    var elm = newVNode.$elm$ = oldVNode.$elm$;
    var newChildren = newVNode.$children$;
    var defaultHolder;
    if (!isDef(newVNode.$text$)) {
        // element node
        {
            if (newVNode.$tag$ === 'slot')
                ;
            else {
                // either this is the first render of an element OR it's an update
                // AND we already know it's possible it could have changed
                // this updates the element's css classes, attrs, props, listeners, etc.
                updateElement(oldVNode, newVNode, isSvgMode);
            }
        }
        if (isDef(newChildren)) {
            // add the new vnode children
            addVnodes(elm, null, newVNode, newChildren, 0, newChildren.length - 1);
        }
    }
    else if ((defaultHolder = elm['s-cr'])) {
        // this element has slotted content
        defaultHolder.parentNode.textContent = newVNode.$text$;
    }
    else if (oldVNode.$text$ !== newVNode.$text$) {
        // update the text content for the text only vnode
        // and also only if the text is different than before
        elm.textContent = newVNode.$text$;
    }
};
var updateFallbackSlotVisibility = function (elm, childNode, childNodes, i, ilen, j, slotNameAttr, nodeType) {
    childNodes = elm.childNodes;
    for (i = 0, ilen = childNodes.length; i < ilen; i++) {
        childNode = childNodes[i];
        if (childNode.nodeType === 1 /* ElementNode */) {
            if (childNode['s-sr']) {
                // this is a slot fallback node
                // get the slot name for this slot reference node
                slotNameAttr = childNode['s-sn'];
                // by default always show a fallback slot node
                // then hide it if there are other slots in the light dom
                childNode.hidden = false;
                for (j = 0; j < ilen; j++) {
                    if (childNodes[j]['s-hn'] !== childNode['s-hn']) {
                        // this sibling node is from a different component
                        nodeType = childNodes[j].nodeType;
                        if (slotNameAttr !== '') {
                            // this is a named fallback slot node
                            if (nodeType === 1 /* ElementNode */ && slotNameAttr === childNodes[j].getAttribute('slot')) {
                                childNode.hidden = true;
                                break;
                            }
                        }
                        else {
                            // this is a default fallback slot node
                            // any element or text node (with content)
                            // should hide the default fallback slot node
                            if (nodeType === 1 /* ElementNode */ || (nodeType === 3 /* TextNode */ && childNodes[j].textContent.trim() !== '')) {
                                childNode.hidden = true;
                                break;
                            }
                        }
                    }
                }
            }
            // keep drilling down
            updateFallbackSlotVisibility(childNode);
        }
    }
};
var relocateNodes = [];
var relocateSlotContent = function (elm) {
    // tslint:disable-next-line: prefer-const
    var childNodes = elm.childNodes;
    var ilen = childNodes.length;
    var i = 0;
    var j = 0;
    var nodeType = 0;
    var childNode;
    var node;
    var hostContentNodes;
    var slotNameAttr;
    for (ilen = childNodes.length; i < ilen; i++) {
        childNode = childNodes[i];
        if (childNode['s-sr'] && (node = childNode['s-cr'])) {
            // first got the content reference comment node
            // then we got it's parent, which is where all the host content is in now
            hostContentNodes = node.parentNode.childNodes;
            slotNameAttr = childNode['s-sn'];
            for (j = hostContentNodes.length - 1; j >= 0; j--) {
                node = hostContentNodes[j];
                if (!node['s-cn'] && !node['s-nr'] && node['s-hn'] !== childNode['s-hn']) {
                    // let's do some relocating to its new home
                    // but never relocate a content reference node
                    // that is suppose to always represent the original content location
                    nodeType = node.nodeType;
                    if (((nodeType === 3 /* TextNode */ || nodeType === 8 /* CommentNode */) && slotNameAttr === '') ||
                        (nodeType === 1 /* ElementNode */ && node.getAttribute('slot') === null && slotNameAttr === '') ||
                        (nodeType === 1 /* ElementNode */ && node.getAttribute('slot') === slotNameAttr)) {
                        // it's possible we've already decided to relocate this node
                        if (!relocateNodes.some(function (r) { return r.$nodeToRelocate$ === node; })) {
                            // made some changes to slots
                            // let's make sure we also double check
                            // fallbacks are correctly hidden or shown
                            checkSlotFallbackVisibility = true;
                            node['s-sn'] = slotNameAttr;
                            // add to our list of nodes to relocate
                            relocateNodes.push({
                                $slotRefNode$: childNode,
                                $nodeToRelocate$: node
                            });
                        }
                    }
                }
            }
        }
        if (childNode.nodeType === 1 /* ElementNode */) {
            relocateSlotContent(childNode);
        }
    }
};
var renderVdom = function (hostElm, hostRef, cmpMeta, renderFnResults) {
    hostTagName = toLowerCase(hostElm.tagName);
    var oldVNode = hostRef.$vnode$ || { $flags$: 0 };
    var rootVnode = isHost(renderFnResults)
        ? renderFnResults
        : h(null, null, renderFnResults);
    rootVnode.$tag$ = null;
    rootVnode.$flags$ |= 4 /* isHost */;
    hostRef.$vnode$ = rootVnode;
    rootVnode.$elm$ = oldVNode.$elm$ = (hostElm.shadowRoot || hostElm);
    {
        scopeId = hostElm['s-sc'];
    }
    {
        contentRef = hostElm['s-cr'];
        useNativeShadowDom = supportsShadowDom && (cmpMeta.$flags$ & 1 /* shadowDomEncapsulation */) !== 0;
        // always reset
        checkSlotRelocate = checkSlotFallbackVisibility = false;
    }
    // synchronous patch
    patch(oldVNode, rootVnode);
    {
        if (checkSlotRelocate) {
            relocateSlotContent(rootVnode.$elm$);
            for (var i = 0; i < relocateNodes.length; i++) {
                var relocateNode = relocateNodes[i];
                if (!relocateNode.$nodeToRelocate$['s-ol']) {
                    // add a reference node marking this node's original location
                    // keep a reference to this node for later lookups
                    var orgLocationNode = doc.createTextNode('');
                    orgLocationNode['s-nr'] = relocateNode.$nodeToRelocate$;
                    relocateNode.$nodeToRelocate$.parentNode.insertBefore((relocateNode.$nodeToRelocate$['s-ol'] = orgLocationNode), relocateNode.$nodeToRelocate$);
                }
            }
            // while we're moving nodes around existing nodes, temporarily disable
            // the disconnectCallback from working
            plt.$flags$ |= 1 /* isTmpDisconnected */;
            for (var i = 0; i < relocateNodes.length; i++) {
                var relocateNode = relocateNodes[i];
                // by default we're just going to insert it directly
                // after the slot reference node
                var parentNodeRef = relocateNode.$slotRefNode$.parentNode;
                var insertBeforeNode = relocateNode.$slotRefNode$.nextSibling;
                var orgLocationNode = relocateNode.$nodeToRelocate$['s-ol'];
                while (orgLocationNode = orgLocationNode.previousSibling) {
                    var refNode = orgLocationNode['s-nr'];
                    if (refNode &&
                        refNode['s-sn'] === relocateNode.$nodeToRelocate$['s-sn'] &&
                        parentNodeRef === refNode.parentNode) {
                        refNode = refNode.nextSibling;
                        if (!refNode || !refNode['s-nr']) {
                            insertBeforeNode = refNode;
                            break;
                        }
                    }
                }
                if ((!insertBeforeNode && parentNodeRef !== relocateNode.$nodeToRelocate$.parentNode) ||
                    (relocateNode.$nodeToRelocate$.nextSibling !== insertBeforeNode)) {
                    // we've checked that it's worth while to relocate
                    // since that the node to relocate
                    // has a different next sibling or parent relocated
                    if (relocateNode.$nodeToRelocate$ !== insertBeforeNode) {
                        // add it back to the dom but in its new home
                        parentNodeRef.insertBefore(relocateNode.$nodeToRelocate$, insertBeforeNode);
                    }
                }
            }
            // done moving nodes around
            // allow the disconnect callback to work again
            plt.$flags$ &= ~1 /* isTmpDisconnected */;
        }
        if (checkSlotFallbackVisibility) {
            updateFallbackSlotVisibility(rootVnode.$elm$);
        }
        // always reset
        relocateNodes.length = 0;
    }
};
var scheduleUpdate = function (elm, hostRef, cmpMeta, isInitialLoad) {
    var instance = hostRef.$lazyInstance$;
    var update = function () { return updateComponent(elm, hostRef, cmpMeta, instance); };
    var promise;
    // there is no ancestorc omponent or the ancestor component
    // has already fired off its lifecycle update then
    // fire off the initial update
    return then(promise, update);
};
var updateComponent = function (elm, hostRef, cmpMeta, instance, isInitialLoad) {
    {
        {
            // tell the platform we're actively rendering
            // if a value is changed within a render() then
            // this tells the platform not to queue the change
            hostRef.$flags$ |= 4 /* isActiveRender */;
            try {
                // looks like we've got child nodes to render into this host element
                // or we need to update the css class/attrs on the host element
                // DOM WRITE!
                renderVdom(elm, hostRef, cmpMeta, instance.render());
            }
            catch (e) {
                consoleError(e);
            }
            hostRef.$flags$ &= ~4 /* isActiveRender */;
        }
    }
    if (cssVarShim) {
        cssVarShim.updateHost(elm);
    }
    {
        hostRef.$flags$ |= 2 /* hasRendered */;
    }
    postUpdateComponent(elm, hostRef);
};
var postUpdateComponent = function (elm, hostRef, ancestorsActivelyLoadingChildren) {
    if (!elm['s-al']) {
        var ancestorComponent = hostRef.$ancestorComponent$;
        if (!(hostRef.$flags$ & 64 /* hasLoadedComponent */)) {
            hostRef.$flags$ |= 64 /* hasLoadedComponent */;
            {
                // DOM WRITE!
                // add the css class that this element has officially hydrated
                elm.classList.add(HYDRATED_CLASS);
            }
            {
                hostRef.$onReadyResolve$(elm);
            }
            if (!ancestorComponent) {
                appDidLoad();
            }
        }
        // ( •_•)
        // ( •_•)>⌐■-■
        // (⌐■_■)
    }
};
var appDidLoad = function () {
    // on appload
    // we have finish the first big initial render
    {
        doc.documentElement.classList.add(HYDRATED_CLASS);
    }
    {
        plt.$flags$ |= 2 /* appLoaded */;
    }
};
var then = function (promise, thenFn) {
    return promise && promise.then ? promise.then(thenFn) : thenFn();
};
var proxyComponent = function (Cstr, cmpMeta, flags) {
    return Cstr;
};
var initializeComponent = function (elm, hostRef, cmpMeta, hmrVersionId, Cstr) { return __awaiter(void 0, void 0, void 0, function () {
    var schedule;
    return __generator(this, function (_a) {
        switch (_a.label) {
            case 0:
                if (!((hostRef.$flags$ & 32 /* hasInitializedComponent */) === 0)) return [3 /*break*/, 3];
                // we haven't initialized this element yet
                hostRef.$flags$ |= 32 /* hasInitializedComponent */;
                // lazy loaded components
                // request the component's implementation to be
                // wired up with the host element
                Cstr = loadModule(cmpMeta);
                if (!Cstr.then) return [3 /*break*/, 2];
                return [4 /*yield*/, Cstr];
            case 1:
                // Await creates a micro-task avoid if possible
                Cstr = _a.sent();
                _a.label = 2;
            case 2:
                // construct the lazy-loaded component implementation
                // passing the hostRef is very important during
                // construction in order to directly wire together the
                // host element and the lazy-loaded instance
                try {
                    new Cstr(hostRef);
                }
                catch (e) {
                    consoleError(e);
                }
                _a.label = 3;
            case 3:
                schedule = function () { return scheduleUpdate(elm, hostRef, cmpMeta); };
                {
                    schedule();
                }
                return [2 /*return*/];
        }
    });
}); };
var connectedCallback = function (elm, cmpMeta) {
    if ((plt.$flags$ & 1 /* isTmpDisconnected */) === 0) {
        // connectedCallback
        var hostRef_2 = getHostRef(elm);
        if (!(hostRef_2.$flags$ & 1 /* hasConnected */)) {
            // first time this component has connected
            hostRef_2.$flags$ |= 1 /* hasConnected */;
            var hostId = void 0;
            if (!hostId) {
                // initUpdate
                // if the slot polyfill is required we'll need to put some nodes
                // in here to act as original content anchors as we move nodes around
                // host element has been connected to the DOM
                if ((cmpMeta.$flags$ & 4 /* hasSlotRelocation */) ||
                    (cmpMeta.$flags$ & 8 /* needsShadowDomShim */)) {
                    setContentReference(elm);
                }
            }
            {
                // connectedCallback, taskQueue, initialLoad
                // angular sets attribute AFTER connectCallback
                // https://github.com/angular/angular/issues/18909
                // https://github.com/angular/angular/issues/19940
                nextTick(function () { return initializeComponent(elm, hostRef_2, cmpMeta); });
            }
        }
    }
};
var setContentReference = function (elm, contentRefElm) {
    // only required when we're NOT using native shadow dom (slot)
    // or this browser doesn't support native shadow dom
    // and this host element was NOT created with SSR
    // let's pick out the inner content for slot projection
    // create a node to represent where the original
    // content was first placed, which is useful later on
    contentRefElm = elm['s-cr'] = doc.createComment('');
    contentRefElm['s-cn'] = true;
    elm.insertBefore(contentRefElm, elm.firstChild);
};
var disconnectedCallback = function (elm) {
    if ((plt.$flags$ & 1 /* isTmpDisconnected */) === 0) {
        var hostRef = getHostRef(elm);
        // clear CSS var-shim tracking
        if (cssVarShim) {
            cssVarShim.removeHost(elm);
        }
    }
};
var bootstrapLazy = function (lazyBundles, options) {
    if (options === void 0) { options = {}; }
    var cmpTags = [];
    var exclude = options.exclude || [];
    var head = doc.head;
    var customElements = win.customElements;
    var y = /*@__PURE__*/ head.querySelector('meta[charset]');
    var visibilityStyle = /*@__PURE__*/ doc.createElement('style');
    var appLoadFallback;
    Object.assign(plt, options);
    plt.$resourcesUrl$ = new URL(options.resourcesUrl || './', doc.baseURI).href;
    if (options.syncQueue) {
        plt.$flags$ |= 4 /* queueSync */;
    }
    lazyBundles.forEach(function (lazyBundle) { return lazyBundle[1].forEach(function (compactMeta) {
        var cmpMeta = {
            $flags$: compactMeta[0],
            $tagName$: compactMeta[1],
            $members$: compactMeta[2],
            $listeners$: compactMeta[3],
        };
        if (!supportsShadowDom && cmpMeta.$flags$ & 1 /* shadowDomEncapsulation */) {
            cmpMeta.$flags$ |= 8 /* needsShadowDomShim */;
        }
        var tagName = cmpMeta.$tagName$;
        var HostElement = /** @class */ (function (_super) {
            __extends(HostElement, _super);
            // StencilLazyHost
            function HostElement(self) {
                var _this = 
                // @ts-ignore
                _super.call(this, self) || this;
                self = _this;
                registerHost(self);
                if (cmpMeta.$flags$ & 1 /* shadowDomEncapsulation */) {
                    // this component is using shadow dom
                    // and this browser supports shadow dom
                    // add the read-only property "shadowRoot" to the host element
                    if (supportsShadowDom) {
                        self.attachShadow({ 'mode': 'open' });
                    }
                    else if (!('shadowRoot' in self)) {
                        self.shadowRoot = self;
                    }
                }
                return _this;
            }
            HostElement.prototype.connectedCallback = function () {
                var _this = this;
                if (appLoadFallback) {
                    clearTimeout(appLoadFallback);
                    appLoadFallback = null;
                }
                plt.jmp(function () { return connectedCallback(_this, cmpMeta); });
            };
            HostElement.prototype.disconnectedCallback = function () {
                var _this = this;
                plt.jmp(function () { return disconnectedCallback(_this); });
            };
            HostElement.prototype['s-init'] = function () {
                var hostRef = getHostRef(this);
                if (hostRef.$lazyInstance$) {
                    postUpdateComponent(this, hostRef);
                }
            };
            HostElement.prototype['s-hmr'] = function (hmrVersionId) {
            };
            HostElement.prototype.forceUpdate = function () {
            };
            HostElement.prototype.componentOnReady = function () {
                return getHostRef(this).$onReadyPromise$;
            };
            return HostElement;
        }(HTMLElement));
        cmpMeta.$lazyBundleIds$ = lazyBundle[0];
        if (!exclude.includes(tagName) && !customElements.get(tagName)) {
            cmpTags.push(tagName);
            customElements.define(tagName, proxyComponent(HostElement));
        }
    }); });
    // visibilityStyle.innerHTML = cmpTags.map(t => `${t}:not(.hydrated)`) + '{display:none}';
    visibilityStyle.innerHTML = cmpTags + '{visibility:hidden}.hydrated{visibility:inherit}';
    visibilityStyle.setAttribute('data-styles', '');
    head.insertBefore(visibilityStyle, y ? y.nextSibling : head.firstChild);
    // Fallback appLoad event
    plt.jmp(function () { return appLoadFallback = setTimeout(appDidLoad, 30); });
};
export { Host as H, patchEsm as a, bootstrapLazy as b, h, patchBrowser as p, registerInstance as r };
